ARM GAS  C:\Users\zhaohe\AppData\Local\Temp\ccHSmr52.s 			page 1


   1              		.cpu cortex-m4
   2              		.arch armv7e-m
   3              		.fpu fpv4-sp-d16
   4              		.eabi_attribute 27, 1
   5              		.eabi_attribute 28, 1
   6              		.eabi_attribute 20, 1
   7              		.eabi_attribute 21, 1
   8              		.eabi_attribute 23, 3
   9              		.eabi_attribute 24, 1
  10              		.eabi_attribute 25, 1
  11              		.eabi_attribute 26, 1
  12              		.eabi_attribute 30, 1
  13              		.eabi_attribute 34, 1
  14              		.eabi_attribute 18, 4
  15              		.file	"list.c"
  16              		.text
  17              	.Ltext0:
  18              		.cfi_sections	.debug_frame
  19              		.section	.text.vListInitialise,"ax",%progbits
  20              		.align	1
  21              		.global	vListInitialise
  22              		.syntax unified
  23              		.thumb
  24              		.thumb_func
  26              	vListInitialise:
  27              	.LVL0:
  28              	.LFB5:
  29              		.file 1 "Middlewares/Third_Party/FreeRTOS/Source/list.c"
   1:Middlewares/Third_Party/FreeRTOS/Source/list.c **** /*
   2:Middlewares/Third_Party/FreeRTOS/Source/list.c ****  * FreeRTOS Kernel V10.3.1
   3:Middlewares/Third_Party/FreeRTOS/Source/list.c ****  * Copyright (C) 2020 Amazon.com, Inc. or its affiliates.  All Rights Reserved.
   4:Middlewares/Third_Party/FreeRTOS/Source/list.c ****  *
   5:Middlewares/Third_Party/FreeRTOS/Source/list.c ****  * Permission is hereby granted, free of charge, to any person obtaining a copy of
   6:Middlewares/Third_Party/FreeRTOS/Source/list.c ****  * this software and associated documentation files (the "Software"), to deal in
   7:Middlewares/Third_Party/FreeRTOS/Source/list.c ****  * the Software without restriction, including without limitation the rights to
   8:Middlewares/Third_Party/FreeRTOS/Source/list.c ****  * use, copy, modify, merge, publish, distribute, sublicense, and/or sell copies of
   9:Middlewares/Third_Party/FreeRTOS/Source/list.c ****  * the Software, and to permit persons to whom the Software is furnished to do so,
  10:Middlewares/Third_Party/FreeRTOS/Source/list.c ****  * subject to the following conditions:
  11:Middlewares/Third_Party/FreeRTOS/Source/list.c ****  *
  12:Middlewares/Third_Party/FreeRTOS/Source/list.c ****  * The above copyright notice and this permission notice shall be included in all
  13:Middlewares/Third_Party/FreeRTOS/Source/list.c ****  * copies or substantial portions of the Software.
  14:Middlewares/Third_Party/FreeRTOS/Source/list.c ****  *
  15:Middlewares/Third_Party/FreeRTOS/Source/list.c ****  * THE SOFTWARE IS PROVIDED "AS IS", WITHOUT WARRANTY OF ANY KIND, EXPRESS OR
  16:Middlewares/Third_Party/FreeRTOS/Source/list.c ****  * IMPLIED, INCLUDING BUT NOT LIMITED TO THE WARRANTIES OF MERCHANTABILITY, FITNESS
  17:Middlewares/Third_Party/FreeRTOS/Source/list.c ****  * FOR A PARTICULAR PURPOSE AND NONINFRINGEMENT. IN NO EVENT SHALL THE AUTHORS OR
  18:Middlewares/Third_Party/FreeRTOS/Source/list.c ****  * COPYRIGHT HOLDERS BE LIABLE FOR ANY CLAIM, DAMAGES OR OTHER LIABILITY, WHETHER
  19:Middlewares/Third_Party/FreeRTOS/Source/list.c ****  * IN AN ACTION OF CONTRACT, TORT OR OTHERWISE, ARISING FROM, OUT OF OR IN
  20:Middlewares/Third_Party/FreeRTOS/Source/list.c ****  * CONNECTION WITH THE SOFTWARE OR THE USE OR OTHER DEALINGS IN THE SOFTWARE.
  21:Middlewares/Third_Party/FreeRTOS/Source/list.c ****  *
  22:Middlewares/Third_Party/FreeRTOS/Source/list.c ****  * http://www.FreeRTOS.org
  23:Middlewares/Third_Party/FreeRTOS/Source/list.c ****  * http://aws.amazon.com/freertos
  24:Middlewares/Third_Party/FreeRTOS/Source/list.c ****  *
  25:Middlewares/Third_Party/FreeRTOS/Source/list.c ****  * 1 tab == 4 spaces!
  26:Middlewares/Third_Party/FreeRTOS/Source/list.c ****  */
  27:Middlewares/Third_Party/FreeRTOS/Source/list.c **** 
  28:Middlewares/Third_Party/FreeRTOS/Source/list.c **** 
  29:Middlewares/Third_Party/FreeRTOS/Source/list.c **** #include <stdlib.h>
ARM GAS  C:\Users\zhaohe\AppData\Local\Temp\ccHSmr52.s 			page 2


  30:Middlewares/Third_Party/FreeRTOS/Source/list.c **** #include "FreeRTOS.h"
  31:Middlewares/Third_Party/FreeRTOS/Source/list.c **** #include "list.h"
  32:Middlewares/Third_Party/FreeRTOS/Source/list.c **** 
  33:Middlewares/Third_Party/FreeRTOS/Source/list.c **** /*-----------------------------------------------------------
  34:Middlewares/Third_Party/FreeRTOS/Source/list.c ****  * PUBLIC LIST API documented in list.h
  35:Middlewares/Third_Party/FreeRTOS/Source/list.c ****  *----------------------------------------------------------*/
  36:Middlewares/Third_Party/FreeRTOS/Source/list.c **** 
  37:Middlewares/Third_Party/FreeRTOS/Source/list.c **** void vListInitialise( List_t * const pxList )
  38:Middlewares/Third_Party/FreeRTOS/Source/list.c **** {
  30              		.loc 1 38 1 view -0
  31              		.cfi_startproc
  32              		@ args = 0, pretend = 0, frame = 0
  33              		@ frame_needed = 0, uses_anonymous_args = 0
  34              		@ link register save eliminated.
  39:Middlewares/Third_Party/FreeRTOS/Source/list.c **** 	/* The list structure contains a list item which is used to mark the
  40:Middlewares/Third_Party/FreeRTOS/Source/list.c **** 	end of the list.  To initialise the list the list end is inserted
  41:Middlewares/Third_Party/FreeRTOS/Source/list.c **** 	as the only list entry. */
  42:Middlewares/Third_Party/FreeRTOS/Source/list.c **** 	pxList->pxIndex = ( ListItem_t * ) &( pxList->xListEnd );			/*lint !e826 !e740 !e9087 The mini lis
  35              		.loc 1 42 2 view .LVU1
  36              		.loc 1 42 37 is_stmt 0 view .LVU2
  37 0000 00F10803 		add	r3, r0, #8
  38              		.loc 1 42 18 view .LVU3
  39 0004 4360     		str	r3, [r0, #4]
  43:Middlewares/Third_Party/FreeRTOS/Source/list.c **** 
  44:Middlewares/Third_Party/FreeRTOS/Source/list.c **** 	/* The list end value is the highest possible value in the list to
  45:Middlewares/Third_Party/FreeRTOS/Source/list.c **** 	ensure it remains at the end of the list. */
  46:Middlewares/Third_Party/FreeRTOS/Source/list.c **** 	pxList->xListEnd.xItemValue = portMAX_DELAY;
  40              		.loc 1 46 2 is_stmt 1 view .LVU4
  41              		.loc 1 46 30 is_stmt 0 view .LVU5
  42 0006 4FF0FF32 		mov	r2, #-1
  43 000a 8260     		str	r2, [r0, #8]
  47:Middlewares/Third_Party/FreeRTOS/Source/list.c **** 
  48:Middlewares/Third_Party/FreeRTOS/Source/list.c **** 	/* The list end next and previous pointers point to itself so we know
  49:Middlewares/Third_Party/FreeRTOS/Source/list.c **** 	when the list is empty. */
  50:Middlewares/Third_Party/FreeRTOS/Source/list.c **** 	pxList->xListEnd.pxNext = ( ListItem_t * ) &( pxList->xListEnd );	/*lint !e826 !e740 !e9087 The mi
  44              		.loc 1 50 2 is_stmt 1 view .LVU6
  45              		.loc 1 50 26 is_stmt 0 view .LVU7
  46 000c C360     		str	r3, [r0, #12]
  51:Middlewares/Third_Party/FreeRTOS/Source/list.c **** 	pxList->xListEnd.pxPrevious = ( ListItem_t * ) &( pxList->xListEnd );/*lint !e826 !e740 !e9087 The
  47              		.loc 1 51 2 is_stmt 1 view .LVU8
  48              		.loc 1 51 30 is_stmt 0 view .LVU9
  49 000e 0361     		str	r3, [r0, #16]
  52:Middlewares/Third_Party/FreeRTOS/Source/list.c **** 
  53:Middlewares/Third_Party/FreeRTOS/Source/list.c **** 	pxList->uxNumberOfItems = ( UBaseType_t ) 0U;
  50              		.loc 1 53 2 is_stmt 1 view .LVU10
  51              		.loc 1 53 26 is_stmt 0 view .LVU11
  52 0010 0023     		movs	r3, #0
  53 0012 0360     		str	r3, [r0]
  54:Middlewares/Third_Party/FreeRTOS/Source/list.c **** 
  55:Middlewares/Third_Party/FreeRTOS/Source/list.c **** 	/* Write known values into the list if
  56:Middlewares/Third_Party/FreeRTOS/Source/list.c **** 	configUSE_LIST_DATA_INTEGRITY_CHECK_BYTES is set to 1. */
  57:Middlewares/Third_Party/FreeRTOS/Source/list.c **** 	listSET_LIST_INTEGRITY_CHECK_1_VALUE( pxList );
  54              		.loc 1 57 48 is_stmt 1 view .LVU12
  58:Middlewares/Third_Party/FreeRTOS/Source/list.c **** 	listSET_LIST_INTEGRITY_CHECK_2_VALUE( pxList );
  55              		.loc 1 58 48 view .LVU13
  59:Middlewares/Third_Party/FreeRTOS/Source/list.c **** }
  56              		.loc 1 59 1 is_stmt 0 view .LVU14
ARM GAS  C:\Users\zhaohe\AppData\Local\Temp\ccHSmr52.s 			page 3


  57 0014 7047     		bx	lr
  58              		.cfi_endproc
  59              	.LFE5:
  61              		.section	.text.vListInitialiseItem,"ax",%progbits
  62              		.align	1
  63              		.global	vListInitialiseItem
  64              		.syntax unified
  65              		.thumb
  66              		.thumb_func
  68              	vListInitialiseItem:
  69              	.LVL1:
  70              	.LFB6:
  60:Middlewares/Third_Party/FreeRTOS/Source/list.c **** /*-----------------------------------------------------------*/
  61:Middlewares/Third_Party/FreeRTOS/Source/list.c **** 
  62:Middlewares/Third_Party/FreeRTOS/Source/list.c **** void vListInitialiseItem( ListItem_t * const pxItem )
  63:Middlewares/Third_Party/FreeRTOS/Source/list.c **** {
  71              		.loc 1 63 1 is_stmt 1 view -0
  72              		.cfi_startproc
  73              		@ args = 0, pretend = 0, frame = 0
  74              		@ frame_needed = 0, uses_anonymous_args = 0
  75              		@ link register save eliminated.
  64:Middlewares/Third_Party/FreeRTOS/Source/list.c **** 	/* Make sure the list item is not recorded as being on a list. */
  65:Middlewares/Third_Party/FreeRTOS/Source/list.c **** 	pxItem->pxContainer = NULL;
  76              		.loc 1 65 2 view .LVU16
  77              		.loc 1 65 22 is_stmt 0 view .LVU17
  78 0000 0023     		movs	r3, #0
  79 0002 0361     		str	r3, [r0, #16]
  66:Middlewares/Third_Party/FreeRTOS/Source/list.c **** 
  67:Middlewares/Third_Party/FreeRTOS/Source/list.c **** 	/* Write known values into the list item if
  68:Middlewares/Third_Party/FreeRTOS/Source/list.c **** 	configUSE_LIST_DATA_INTEGRITY_CHECK_BYTES is set to 1. */
  69:Middlewares/Third_Party/FreeRTOS/Source/list.c **** 	listSET_FIRST_LIST_ITEM_INTEGRITY_CHECK_VALUE( pxItem );
  80              		.loc 1 69 57 is_stmt 1 view .LVU18
  70:Middlewares/Third_Party/FreeRTOS/Source/list.c **** 	listSET_SECOND_LIST_ITEM_INTEGRITY_CHECK_VALUE( pxItem );
  81              		.loc 1 70 58 view .LVU19
  71:Middlewares/Third_Party/FreeRTOS/Source/list.c **** }
  82              		.loc 1 71 1 is_stmt 0 view .LVU20
  83 0004 7047     		bx	lr
  84              		.cfi_endproc
  85              	.LFE6:
  87              		.section	.text.vListInsertEnd,"ax",%progbits
  88              		.align	1
  89              		.global	vListInsertEnd
  90              		.syntax unified
  91              		.thumb
  92              		.thumb_func
  94              	vListInsertEnd:
  95              	.LVL2:
  96              	.LFB7:
  72:Middlewares/Third_Party/FreeRTOS/Source/list.c **** /*-----------------------------------------------------------*/
  73:Middlewares/Third_Party/FreeRTOS/Source/list.c **** 
  74:Middlewares/Third_Party/FreeRTOS/Source/list.c **** void vListInsertEnd( List_t * const pxList, ListItem_t * const pxNewListItem )
  75:Middlewares/Third_Party/FreeRTOS/Source/list.c **** {
  97              		.loc 1 75 1 is_stmt 1 view -0
  98              		.cfi_startproc
  99              		@ args = 0, pretend = 0, frame = 0
 100              		@ frame_needed = 0, uses_anonymous_args = 0
 101              		@ link register save eliminated.
ARM GAS  C:\Users\zhaohe\AppData\Local\Temp\ccHSmr52.s 			page 4


  76:Middlewares/Third_Party/FreeRTOS/Source/list.c **** ListItem_t * const pxIndex = pxList->pxIndex;
 102              		.loc 1 76 1 view .LVU22
 103              		.loc 1 76 20 is_stmt 0 view .LVU23
 104 0000 4368     		ldr	r3, [r0, #4]
 105              	.LVL3:
  77:Middlewares/Third_Party/FreeRTOS/Source/list.c **** 
  78:Middlewares/Third_Party/FreeRTOS/Source/list.c **** 	/* Only effective when configASSERT() is also defined, these tests may catch
  79:Middlewares/Third_Party/FreeRTOS/Source/list.c **** 	the list data structures being overwritten in memory.  They will not catch
  80:Middlewares/Third_Party/FreeRTOS/Source/list.c **** 	data errors caused by incorrect configuration or use of FreeRTOS. */
  81:Middlewares/Third_Party/FreeRTOS/Source/list.c **** 	listTEST_LIST_INTEGRITY( pxList );
 106              		.loc 1 81 35 is_stmt 1 view .LVU24
  82:Middlewares/Third_Party/FreeRTOS/Source/list.c **** 	listTEST_LIST_ITEM_INTEGRITY( pxNewListItem );
 107              		.loc 1 82 47 view .LVU25
  83:Middlewares/Third_Party/FreeRTOS/Source/list.c **** 
  84:Middlewares/Third_Party/FreeRTOS/Source/list.c **** 	/* Insert a new list item into pxList, but rather than sort the list,
  85:Middlewares/Third_Party/FreeRTOS/Source/list.c **** 	makes the new list item the last item to be removed by a call to
  86:Middlewares/Third_Party/FreeRTOS/Source/list.c **** 	listGET_OWNER_OF_NEXT_ENTRY(). */
  87:Middlewares/Third_Party/FreeRTOS/Source/list.c **** 	pxNewListItem->pxNext = pxIndex;
 108              		.loc 1 87 2 view .LVU26
 109              		.loc 1 87 24 is_stmt 0 view .LVU27
 110 0002 4B60     		str	r3, [r1, #4]
  88:Middlewares/Third_Party/FreeRTOS/Source/list.c **** 	pxNewListItem->pxPrevious = pxIndex->pxPrevious;
 111              		.loc 1 88 2 is_stmt 1 view .LVU28
 112              		.loc 1 88 37 is_stmt 0 view .LVU29
 113 0004 9A68     		ldr	r2, [r3, #8]
 114              		.loc 1 88 28 view .LVU30
 115 0006 8A60     		str	r2, [r1, #8]
  89:Middlewares/Third_Party/FreeRTOS/Source/list.c **** 
  90:Middlewares/Third_Party/FreeRTOS/Source/list.c **** 	/* Only used during decision coverage testing. */
  91:Middlewares/Third_Party/FreeRTOS/Source/list.c **** 	mtCOVERAGE_TEST_DELAY();
 116              		.loc 1 91 25 is_stmt 1 view .LVU31
  92:Middlewares/Third_Party/FreeRTOS/Source/list.c **** 
  93:Middlewares/Third_Party/FreeRTOS/Source/list.c **** 	pxIndex->pxPrevious->pxNext = pxNewListItem;
 117              		.loc 1 93 2 view .LVU32
 118              		.loc 1 93 30 is_stmt 0 view .LVU33
 119 0008 5160     		str	r1, [r2, #4]
  94:Middlewares/Third_Party/FreeRTOS/Source/list.c **** 	pxIndex->pxPrevious = pxNewListItem;
 120              		.loc 1 94 2 is_stmt 1 view .LVU34
 121              		.loc 1 94 22 is_stmt 0 view .LVU35
 122 000a 9960     		str	r1, [r3, #8]
  95:Middlewares/Third_Party/FreeRTOS/Source/list.c **** 
  96:Middlewares/Third_Party/FreeRTOS/Source/list.c **** 	/* Remember which list the item is in. */
  97:Middlewares/Third_Party/FreeRTOS/Source/list.c **** 	pxNewListItem->pxContainer = pxList;
 123              		.loc 1 97 2 is_stmt 1 view .LVU36
 124              		.loc 1 97 29 is_stmt 0 view .LVU37
 125 000c 0861     		str	r0, [r1, #16]
  98:Middlewares/Third_Party/FreeRTOS/Source/list.c **** 
  99:Middlewares/Third_Party/FreeRTOS/Source/list.c **** 	( pxList->uxNumberOfItems )++;
 126              		.loc 1 99 2 is_stmt 1 view .LVU38
 127              		.loc 1 99 10 is_stmt 0 view .LVU39
 128 000e 0368     		ldr	r3, [r0]
 129              	.LVL4:
 130              		.loc 1 99 29 view .LVU40
 131 0010 0133     		adds	r3, r3, #1
 132 0012 0360     		str	r3, [r0]
 100:Middlewares/Third_Party/FreeRTOS/Source/list.c **** }
 133              		.loc 1 100 1 view .LVU41
ARM GAS  C:\Users\zhaohe\AppData\Local\Temp\ccHSmr52.s 			page 5


 134 0014 7047     		bx	lr
 135              		.cfi_endproc
 136              	.LFE7:
 138              		.section	.text.vListInsert,"ax",%progbits
 139              		.align	1
 140              		.global	vListInsert
 141              		.syntax unified
 142              		.thumb
 143              		.thumb_func
 145              	vListInsert:
 146              	.LVL5:
 147              	.LFB8:
 101:Middlewares/Third_Party/FreeRTOS/Source/list.c **** /*-----------------------------------------------------------*/
 102:Middlewares/Third_Party/FreeRTOS/Source/list.c **** 
 103:Middlewares/Third_Party/FreeRTOS/Source/list.c **** void vListInsert( List_t * const pxList, ListItem_t * const pxNewListItem )
 104:Middlewares/Third_Party/FreeRTOS/Source/list.c **** {
 148              		.loc 1 104 1 is_stmt 1 view -0
 149              		.cfi_startproc
 150              		@ args = 0, pretend = 0, frame = 0
 151              		@ frame_needed = 0, uses_anonymous_args = 0
 152              		@ link register save eliminated.
 153              		.loc 1 104 1 is_stmt 0 view .LVU43
 154 0000 30B4     		push	{r4, r5}
 155              	.LCFI0:
 156              		.cfi_def_cfa_offset 8
 157              		.cfi_offset 4, -8
 158              		.cfi_offset 5, -4
 105:Middlewares/Third_Party/FreeRTOS/Source/list.c **** ListItem_t *pxIterator;
 159              		.loc 1 105 1 is_stmt 1 view .LVU44
 106:Middlewares/Third_Party/FreeRTOS/Source/list.c **** const TickType_t xValueOfInsertion = pxNewListItem->xItemValue;
 160              		.loc 1 106 1 view .LVU45
 161              		.loc 1 106 18 is_stmt 0 view .LVU46
 162 0002 0D68     		ldr	r5, [r1]
 163              	.LVL6:
 107:Middlewares/Third_Party/FreeRTOS/Source/list.c **** 
 108:Middlewares/Third_Party/FreeRTOS/Source/list.c **** 	/* Only effective when configASSERT() is also defined, these tests may catch
 109:Middlewares/Third_Party/FreeRTOS/Source/list.c **** 	the list data structures being overwritten in memory.  They will not catch
 110:Middlewares/Third_Party/FreeRTOS/Source/list.c **** 	data errors caused by incorrect configuration or use of FreeRTOS. */
 111:Middlewares/Third_Party/FreeRTOS/Source/list.c **** 	listTEST_LIST_INTEGRITY( pxList );
 164              		.loc 1 111 35 is_stmt 1 view .LVU47
 112:Middlewares/Third_Party/FreeRTOS/Source/list.c **** 	listTEST_LIST_ITEM_INTEGRITY( pxNewListItem );
 165              		.loc 1 112 47 view .LVU48
 113:Middlewares/Third_Party/FreeRTOS/Source/list.c **** 
 114:Middlewares/Third_Party/FreeRTOS/Source/list.c **** 	/* Insert the new list item into the list, sorted in xItemValue order.
 115:Middlewares/Third_Party/FreeRTOS/Source/list.c **** 
 116:Middlewares/Third_Party/FreeRTOS/Source/list.c **** 	If the list already contains a list item with the same item value then the
 117:Middlewares/Third_Party/FreeRTOS/Source/list.c **** 	new list item should be placed after it.  This ensures that TCBs which are
 118:Middlewares/Third_Party/FreeRTOS/Source/list.c **** 	stored in ready lists (all of which have the same xItemValue value) get a
 119:Middlewares/Third_Party/FreeRTOS/Source/list.c **** 	share of the CPU.  However, if the xItemValue is the same as the back marker
 120:Middlewares/Third_Party/FreeRTOS/Source/list.c **** 	the iteration loop below will not end.  Therefore the value is checked
 121:Middlewares/Third_Party/FreeRTOS/Source/list.c **** 	first, and the algorithm slightly modified if necessary. */
 122:Middlewares/Third_Party/FreeRTOS/Source/list.c **** 	if( xValueOfInsertion == portMAX_DELAY )
 166              		.loc 1 122 2 view .LVU49
 167              		.loc 1 122 4 is_stmt 0 view .LVU50
 168 0004 B5F1FF3F 		cmp	r5, #-1
 169 0008 11D0     		beq	.L9
 123:Middlewares/Third_Party/FreeRTOS/Source/list.c **** 	{
ARM GAS  C:\Users\zhaohe\AppData\Local\Temp\ccHSmr52.s 			page 6


 124:Middlewares/Third_Party/FreeRTOS/Source/list.c **** 		pxIterator = pxList->xListEnd.pxPrevious;
 125:Middlewares/Third_Party/FreeRTOS/Source/list.c **** 	}
 126:Middlewares/Third_Party/FreeRTOS/Source/list.c **** 	else
 127:Middlewares/Third_Party/FreeRTOS/Source/list.c **** 	{
 128:Middlewares/Third_Party/FreeRTOS/Source/list.c **** 		/* *** NOTE ***********************************************************
 129:Middlewares/Third_Party/FreeRTOS/Source/list.c **** 		If you find your application is crashing here then likely causes are
 130:Middlewares/Third_Party/FreeRTOS/Source/list.c **** 		listed below.  In addition see https://www.freertos.org/FAQHelp.html for
 131:Middlewares/Third_Party/FreeRTOS/Source/list.c **** 		more tips, and ensure configASSERT() is defined!
 132:Middlewares/Third_Party/FreeRTOS/Source/list.c **** 		https://www.freertos.org/a00110.html#configASSERT
 133:Middlewares/Third_Party/FreeRTOS/Source/list.c **** 
 134:Middlewares/Third_Party/FreeRTOS/Source/list.c **** 			1) Stack overflow -
 135:Middlewares/Third_Party/FreeRTOS/Source/list.c **** 			   see https://www.freertos.org/Stacks-and-stack-overflow-checking.html
 136:Middlewares/Third_Party/FreeRTOS/Source/list.c **** 			2) Incorrect interrupt priority assignment, especially on Cortex-M
 137:Middlewares/Third_Party/FreeRTOS/Source/list.c **** 			   parts where numerically high priority values denote low actual
 138:Middlewares/Third_Party/FreeRTOS/Source/list.c **** 			   interrupt priorities, which can seem counter intuitive.  See
 139:Middlewares/Third_Party/FreeRTOS/Source/list.c **** 			   https://www.freertos.org/RTOS-Cortex-M3-M4.html and the definition
 140:Middlewares/Third_Party/FreeRTOS/Source/list.c **** 			   of configMAX_SYSCALL_INTERRUPT_PRIORITY on
 141:Middlewares/Third_Party/FreeRTOS/Source/list.c **** 			   https://www.freertos.org/a00110.html
 142:Middlewares/Third_Party/FreeRTOS/Source/list.c **** 			3) Calling an API function from within a critical section or when
 143:Middlewares/Third_Party/FreeRTOS/Source/list.c **** 			   the scheduler is suspended, or calling an API function that does
 144:Middlewares/Third_Party/FreeRTOS/Source/list.c **** 			   not end in "FromISR" from an interrupt.
 145:Middlewares/Third_Party/FreeRTOS/Source/list.c **** 			4) Using a queue or semaphore before it has been initialised or
 146:Middlewares/Third_Party/FreeRTOS/Source/list.c **** 			   before the scheduler has been started (are interrupts firing
 147:Middlewares/Third_Party/FreeRTOS/Source/list.c **** 			   before vTaskStartScheduler() has been called?).
 148:Middlewares/Third_Party/FreeRTOS/Source/list.c **** 		**********************************************************************/
 149:Middlewares/Third_Party/FreeRTOS/Source/list.c **** 
 150:Middlewares/Third_Party/FreeRTOS/Source/list.c **** 		for( pxIterator = ( ListItem_t * ) &( pxList->xListEnd ); pxIterator->pxNext->xItemValue <= xValu
 170              		.loc 1 150 3 is_stmt 1 view .LVU51
 171              		.loc 1 150 19 is_stmt 0 view .LVU52
 172 000a 00F10803 		add	r3, r0, #8
 173              	.LVL7:
 174              	.L7:
 175              		.loc 1 150 61 is_stmt 1 discriminator 1 view .LVU53
 176 000e 1C46     		mov	r4, r3
 177              		.loc 1 150 71 is_stmt 0 discriminator 1 view .LVU54
 178 0010 5B68     		ldr	r3, [r3, #4]
 179              	.LVL8:
 180              		.loc 1 150 79 discriminator 1 view .LVU55
 181 0012 1A68     		ldr	r2, [r3]
 182              		.loc 1 150 3 discriminator 1 view .LVU56
 183 0014 AA42     		cmp	r2, r5
 184 0016 FAD9     		bls	.L7
 185              	.L6:
 151:Middlewares/Third_Party/FreeRTOS/Source/list.c **** 		{
 152:Middlewares/Third_Party/FreeRTOS/Source/list.c **** 			/* There is nothing to do here, just iterating to the wanted
 153:Middlewares/Third_Party/FreeRTOS/Source/list.c **** 			insertion position. */
 154:Middlewares/Third_Party/FreeRTOS/Source/list.c **** 		}
 155:Middlewares/Third_Party/FreeRTOS/Source/list.c **** 	}
 156:Middlewares/Third_Party/FreeRTOS/Source/list.c **** 
 157:Middlewares/Third_Party/FreeRTOS/Source/list.c **** 	pxNewListItem->pxNext = pxIterator->pxNext;
 186              		.loc 1 157 2 is_stmt 1 view .LVU57
 187              		.loc 1 157 36 is_stmt 0 view .LVU58
 188 0018 6368     		ldr	r3, [r4, #4]
 189              		.loc 1 157 24 view .LVU59
 190 001a 4B60     		str	r3, [r1, #4]
 158:Middlewares/Third_Party/FreeRTOS/Source/list.c **** 	pxNewListItem->pxNext->pxPrevious = pxNewListItem;
 191              		.loc 1 158 2 is_stmt 1 view .LVU60
ARM GAS  C:\Users\zhaohe\AppData\Local\Temp\ccHSmr52.s 			page 7


 192              		.loc 1 158 36 is_stmt 0 view .LVU61
 193 001c 9960     		str	r1, [r3, #8]
 159:Middlewares/Third_Party/FreeRTOS/Source/list.c **** 	pxNewListItem->pxPrevious = pxIterator;
 194              		.loc 1 159 2 is_stmt 1 view .LVU62
 195              		.loc 1 159 28 is_stmt 0 view .LVU63
 196 001e 8C60     		str	r4, [r1, #8]
 160:Middlewares/Third_Party/FreeRTOS/Source/list.c **** 	pxIterator->pxNext = pxNewListItem;
 197              		.loc 1 160 2 is_stmt 1 view .LVU64
 198              		.loc 1 160 21 is_stmt 0 view .LVU65
 199 0020 6160     		str	r1, [r4, #4]
 161:Middlewares/Third_Party/FreeRTOS/Source/list.c **** 
 162:Middlewares/Third_Party/FreeRTOS/Source/list.c **** 	/* Remember which list the item is in.  This allows fast removal of the
 163:Middlewares/Third_Party/FreeRTOS/Source/list.c **** 	item later. */
 164:Middlewares/Third_Party/FreeRTOS/Source/list.c **** 	pxNewListItem->pxContainer = pxList;
 200              		.loc 1 164 2 is_stmt 1 view .LVU66
 201              		.loc 1 164 29 is_stmt 0 view .LVU67
 202 0022 0861     		str	r0, [r1, #16]
 165:Middlewares/Third_Party/FreeRTOS/Source/list.c **** 
 166:Middlewares/Third_Party/FreeRTOS/Source/list.c **** 	( pxList->uxNumberOfItems )++;
 203              		.loc 1 166 2 is_stmt 1 view .LVU68
 204              		.loc 1 166 10 is_stmt 0 view .LVU69
 205 0024 0368     		ldr	r3, [r0]
 206              		.loc 1 166 29 view .LVU70
 207 0026 0133     		adds	r3, r3, #1
 208 0028 0360     		str	r3, [r0]
 167:Middlewares/Third_Party/FreeRTOS/Source/list.c **** }
 209              		.loc 1 167 1 view .LVU71
 210 002a 30BC     		pop	{r4, r5}
 211              	.LCFI1:
 212              		.cfi_remember_state
 213              		.cfi_restore 5
 214              		.cfi_restore 4
 215              		.cfi_def_cfa_offset 0
 216              	.LVL9:
 217              		.loc 1 167 1 view .LVU72
 218 002c 7047     		bx	lr
 219              	.LVL10:
 220              	.L9:
 221              	.LCFI2:
 222              		.cfi_restore_state
 124:Middlewares/Third_Party/FreeRTOS/Source/list.c **** 	}
 223              		.loc 1 124 3 is_stmt 1 view .LVU73
 124:Middlewares/Third_Party/FreeRTOS/Source/list.c **** 	}
 224              		.loc 1 124 14 is_stmt 0 view .LVU74
 225 002e 0469     		ldr	r4, [r0, #16]
 226              	.LVL11:
 124:Middlewares/Third_Party/FreeRTOS/Source/list.c **** 	}
 227              		.loc 1 124 14 view .LVU75
 228 0030 F2E7     		b	.L6
 229              		.cfi_endproc
 230              	.LFE8:
 232              		.section	.text.uxListRemove,"ax",%progbits
 233              		.align	1
 234              		.global	uxListRemove
 235              		.syntax unified
 236              		.thumb
 237              		.thumb_func
ARM GAS  C:\Users\zhaohe\AppData\Local\Temp\ccHSmr52.s 			page 8


 239              	uxListRemove:
 240              	.LVL12:
 241              	.LFB9:
 168:Middlewares/Third_Party/FreeRTOS/Source/list.c **** /*-----------------------------------------------------------*/
 169:Middlewares/Third_Party/FreeRTOS/Source/list.c **** 
 170:Middlewares/Third_Party/FreeRTOS/Source/list.c **** UBaseType_t uxListRemove( ListItem_t * const pxItemToRemove )
 171:Middlewares/Third_Party/FreeRTOS/Source/list.c **** {
 242              		.loc 1 171 1 is_stmt 1 view -0
 243              		.cfi_startproc
 244              		@ args = 0, pretend = 0, frame = 0
 245              		@ frame_needed = 0, uses_anonymous_args = 0
 246              		@ link register save eliminated.
 172:Middlewares/Third_Party/FreeRTOS/Source/list.c **** /* The list item knows which list it is in.  Obtain the list from the list
 173:Middlewares/Third_Party/FreeRTOS/Source/list.c **** item. */
 174:Middlewares/Third_Party/FreeRTOS/Source/list.c **** List_t * const pxList = pxItemToRemove->pxContainer;
 247              		.loc 1 174 1 view .LVU77
 248              		.loc 1 174 16 is_stmt 0 view .LVU78
 249 0000 0369     		ldr	r3, [r0, #16]
 250              	.LVL13:
 175:Middlewares/Third_Party/FreeRTOS/Source/list.c **** 
 176:Middlewares/Third_Party/FreeRTOS/Source/list.c **** 	pxItemToRemove->pxNext->pxPrevious = pxItemToRemove->pxPrevious;
 251              		.loc 1 176 2 is_stmt 1 view .LVU79
 252              		.loc 1 176 16 is_stmt 0 view .LVU80
 253 0002 4168     		ldr	r1, [r0, #4]
 254              		.loc 1 176 53 view .LVU81
 255 0004 8268     		ldr	r2, [r0, #8]
 256              		.loc 1 176 37 view .LVU82
 257 0006 8A60     		str	r2, [r1, #8]
 177:Middlewares/Third_Party/FreeRTOS/Source/list.c **** 	pxItemToRemove->pxPrevious->pxNext = pxItemToRemove->pxNext;
 258              		.loc 1 177 2 is_stmt 1 view .LVU83
 259              		.loc 1 177 53 is_stmt 0 view .LVU84
 260 0008 4168     		ldr	r1, [r0, #4]
 261              		.loc 1 177 37 view .LVU85
 262 000a 5160     		str	r1, [r2, #4]
 178:Middlewares/Third_Party/FreeRTOS/Source/list.c **** 
 179:Middlewares/Third_Party/FreeRTOS/Source/list.c **** 	/* Only used during decision coverage testing. */
 180:Middlewares/Third_Party/FreeRTOS/Source/list.c **** 	mtCOVERAGE_TEST_DELAY();
 263              		.loc 1 180 25 is_stmt 1 view .LVU86
 181:Middlewares/Third_Party/FreeRTOS/Source/list.c **** 
 182:Middlewares/Third_Party/FreeRTOS/Source/list.c **** 	/* Make sure the index is left pointing to a valid item. */
 183:Middlewares/Third_Party/FreeRTOS/Source/list.c **** 	if( pxList->pxIndex == pxItemToRemove )
 264              		.loc 1 183 2 view .LVU87
 265              		.loc 1 183 12 is_stmt 0 view .LVU88
 266 000c 5A68     		ldr	r2, [r3, #4]
 267              		.loc 1 183 4 view .LVU89
 268 000e 8242     		cmp	r2, r0
 269 0010 06D0     		beq	.L12
 270              	.L11:
 184:Middlewares/Third_Party/FreeRTOS/Source/list.c **** 	{
 185:Middlewares/Third_Party/FreeRTOS/Source/list.c **** 		pxList->pxIndex = pxItemToRemove->pxPrevious;
 186:Middlewares/Third_Party/FreeRTOS/Source/list.c **** 	}
 187:Middlewares/Third_Party/FreeRTOS/Source/list.c **** 	else
 188:Middlewares/Third_Party/FreeRTOS/Source/list.c **** 	{
 189:Middlewares/Third_Party/FreeRTOS/Source/list.c **** 		mtCOVERAGE_TEST_MARKER();
 271              		.loc 1 189 27 is_stmt 1 view .LVU90
 190:Middlewares/Third_Party/FreeRTOS/Source/list.c **** 	}
 191:Middlewares/Third_Party/FreeRTOS/Source/list.c **** 
ARM GAS  C:\Users\zhaohe\AppData\Local\Temp\ccHSmr52.s 			page 9


 192:Middlewares/Third_Party/FreeRTOS/Source/list.c **** 	pxItemToRemove->pxContainer = NULL;
 272              		.loc 1 192 2 view .LVU91
 273              		.loc 1 192 30 is_stmt 0 view .LVU92
 274 0012 0022     		movs	r2, #0
 275 0014 0261     		str	r2, [r0, #16]
 193:Middlewares/Third_Party/FreeRTOS/Source/list.c **** 	( pxList->uxNumberOfItems )--;
 276              		.loc 1 193 2 is_stmt 1 view .LVU93
 277              		.loc 1 193 10 is_stmt 0 view .LVU94
 278 0016 1A68     		ldr	r2, [r3]
 279              		.loc 1 193 29 view .LVU95
 280 0018 013A     		subs	r2, r2, #1
 281 001a 1A60     		str	r2, [r3]
 194:Middlewares/Third_Party/FreeRTOS/Source/list.c **** 
 195:Middlewares/Third_Party/FreeRTOS/Source/list.c **** 	return pxList->uxNumberOfItems;
 282              		.loc 1 195 2 is_stmt 1 view .LVU96
 283              		.loc 1 195 15 is_stmt 0 view .LVU97
 284 001c 1868     		ldr	r0, [r3]
 285              	.LVL14:
 196:Middlewares/Third_Party/FreeRTOS/Source/list.c **** }
 286              		.loc 1 196 1 view .LVU98
 287 001e 7047     		bx	lr
 288              	.LVL15:
 289              	.L12:
 185:Middlewares/Third_Party/FreeRTOS/Source/list.c **** 	}
 290              		.loc 1 185 3 is_stmt 1 view .LVU99
 185:Middlewares/Third_Party/FreeRTOS/Source/list.c **** 	}
 291              		.loc 1 185 35 is_stmt 0 view .LVU100
 292 0020 8268     		ldr	r2, [r0, #8]
 185:Middlewares/Third_Party/FreeRTOS/Source/list.c **** 	}
 293              		.loc 1 185 19 view .LVU101
 294 0022 5A60     		str	r2, [r3, #4]
 295 0024 F5E7     		b	.L11
 296              		.cfi_endproc
 297              	.LFE9:
 299              		.text
 300              	.Letext0:
 301              		.file 2 "e:\\gcc\\2021.10\\arm-none-eabi\\include\\machine\\_default_types.h"
 302              		.file 3 "e:\\gcc\\2021.10\\arm-none-eabi\\include\\sys\\_stdint.h"
 303              		.file 4 "Middlewares/Third_Party/FreeRTOS/Source/portable/GCC/ARM_CM4F/portmacro.h"
 304              		.file 5 "Middlewares/Third_Party/FreeRTOS/Source/include/list.h"
ARM GAS  C:\Users\zhaohe\AppData\Local\Temp\ccHSmr52.s 			page 10


DEFINED SYMBOLS
                            *ABS*:00000000 list.c
C:\Users\zhaohe\AppData\Local\Temp\ccHSmr52.s:20     .text.vListInitialise:00000000 $t
C:\Users\zhaohe\AppData\Local\Temp\ccHSmr52.s:26     .text.vListInitialise:00000000 vListInitialise
C:\Users\zhaohe\AppData\Local\Temp\ccHSmr52.s:62     .text.vListInitialiseItem:00000000 $t
C:\Users\zhaohe\AppData\Local\Temp\ccHSmr52.s:68     .text.vListInitialiseItem:00000000 vListInitialiseItem
C:\Users\zhaohe\AppData\Local\Temp\ccHSmr52.s:88     .text.vListInsertEnd:00000000 $t
C:\Users\zhaohe\AppData\Local\Temp\ccHSmr52.s:94     .text.vListInsertEnd:00000000 vListInsertEnd
C:\Users\zhaohe\AppData\Local\Temp\ccHSmr52.s:139    .text.vListInsert:00000000 $t
C:\Users\zhaohe\AppData\Local\Temp\ccHSmr52.s:145    .text.vListInsert:00000000 vListInsert
C:\Users\zhaohe\AppData\Local\Temp\ccHSmr52.s:233    .text.uxListRemove:00000000 $t
C:\Users\zhaohe\AppData\Local\Temp\ccHSmr52.s:239    .text.uxListRemove:00000000 uxListRemove

NO UNDEFINED SYMBOLS
