ARM GAS  C:\Users\zhaohe\AppData\Local\Temp\ccI4PGY6.s 			page 1


   1              		.cpu cortex-m4
   2              		.arch armv7e-m
   3              		.fpu fpv4-sp-d16
   4              		.eabi_attribute 27, 1
   5              		.eabi_attribute 28, 1
   6              		.eabi_attribute 20, 1
   7              		.eabi_attribute 21, 1
   8              		.eabi_attribute 23, 3
   9              		.eabi_attribute 24, 1
  10              		.eabi_attribute 25, 1
  11              		.eabi_attribute 26, 1
  12              		.eabi_attribute 30, 1
  13              		.eabi_attribute 34, 1
  14              		.eabi_attribute 18, 4
  15              		.file	"spi.c"
  16              		.text
  17              	.Ltext0:
  18              		.cfi_sections	.debug_frame
  19              		.section	.text.MX_SPI1_Init,"ax",%progbits
  20              		.align	1
  21              		.global	MX_SPI1_Init
  22              		.syntax unified
  23              		.thumb
  24              		.thumb_func
  26              	MX_SPI1_Init:
  27              	.LFB130:
  28              		.file 1 "Core/Src/spi.c"
   1:Core/Src/spi.c **** /* USER CODE BEGIN Header */
   2:Core/Src/spi.c **** /**
   3:Core/Src/spi.c ****   ******************************************************************************
   4:Core/Src/spi.c ****   * @file    spi.c
   5:Core/Src/spi.c ****   * @brief   This file provides code for the configuration
   6:Core/Src/spi.c ****   *          of the SPI instances.
   7:Core/Src/spi.c ****   ******************************************************************************
   8:Core/Src/spi.c ****   * @attention
   9:Core/Src/spi.c ****   *
  10:Core/Src/spi.c ****   * Copyright (c) 2022 STMicroelectronics.
  11:Core/Src/spi.c ****   * All rights reserved.
  12:Core/Src/spi.c ****   *
  13:Core/Src/spi.c ****   * This software is licensed under terms that can be found in the LICENSE file
  14:Core/Src/spi.c ****   * in the root directory of this software component.
  15:Core/Src/spi.c ****   * If no LICENSE file comes with this software, it is provided AS-IS.
  16:Core/Src/spi.c ****   *
  17:Core/Src/spi.c ****   ******************************************************************************
  18:Core/Src/spi.c ****   */
  19:Core/Src/spi.c **** /* USER CODE END Header */
  20:Core/Src/spi.c **** /* Includes ------------------------------------------------------------------*/
  21:Core/Src/spi.c **** #include "spi.h"
  22:Core/Src/spi.c **** 
  23:Core/Src/spi.c **** /* USER CODE BEGIN 0 */
  24:Core/Src/spi.c **** 
  25:Core/Src/spi.c **** /* USER CODE END 0 */
  26:Core/Src/spi.c **** 
  27:Core/Src/spi.c **** SPI_HandleTypeDef hspi1;
  28:Core/Src/spi.c **** 
  29:Core/Src/spi.c **** /* SPI1 init function */
  30:Core/Src/spi.c **** void MX_SPI1_Init(void)
ARM GAS  C:\Users\zhaohe\AppData\Local\Temp\ccI4PGY6.s 			page 2


  31:Core/Src/spi.c **** {
  29              		.loc 1 31 1 view -0
  30              		.cfi_startproc
  31              		@ args = 0, pretend = 0, frame = 0
  32              		@ frame_needed = 0, uses_anonymous_args = 0
  33 0000 08B5     		push	{r3, lr}
  34              	.LCFI0:
  35              		.cfi_def_cfa_offset 8
  36              		.cfi_offset 3, -8
  37              		.cfi_offset 14, -4
  32:Core/Src/spi.c **** 
  33:Core/Src/spi.c ****   /* USER CODE BEGIN SPI1_Init 0 */
  34:Core/Src/spi.c **** 
  35:Core/Src/spi.c ****   /* USER CODE END SPI1_Init 0 */
  36:Core/Src/spi.c **** 
  37:Core/Src/spi.c ****   /* USER CODE BEGIN SPI1_Init 1 */
  38:Core/Src/spi.c **** 
  39:Core/Src/spi.c ****   /* USER CODE END SPI1_Init 1 */
  40:Core/Src/spi.c ****   hspi1.Instance = SPI1;
  38              		.loc 1 40 3 view .LVU1
  39              		.loc 1 40 18 is_stmt 0 view .LVU2
  40 0002 0E48     		ldr	r0, .L5
  41 0004 0E4B     		ldr	r3, .L5+4
  42 0006 0360     		str	r3, [r0]
  41:Core/Src/spi.c ****   hspi1.Init.Mode = SPI_MODE_MASTER;
  43              		.loc 1 41 3 is_stmt 1 view .LVU3
  44              		.loc 1 41 19 is_stmt 0 view .LVU4
  45 0008 4FF48273 		mov	r3, #260
  46 000c 4360     		str	r3, [r0, #4]
  42:Core/Src/spi.c ****   hspi1.Init.Direction = SPI_DIRECTION_2LINES;
  47              		.loc 1 42 3 is_stmt 1 view .LVU5
  48              		.loc 1 42 24 is_stmt 0 view .LVU6
  49 000e 0023     		movs	r3, #0
  50 0010 8360     		str	r3, [r0, #8]
  43:Core/Src/spi.c ****   hspi1.Init.DataSize = SPI_DATASIZE_8BIT;
  51              		.loc 1 43 3 is_stmt 1 view .LVU7
  52              		.loc 1 43 23 is_stmt 0 view .LVU8
  53 0012 C360     		str	r3, [r0, #12]
  44:Core/Src/spi.c ****   hspi1.Init.CLKPolarity = SPI_POLARITY_LOW;
  54              		.loc 1 44 3 is_stmt 1 view .LVU9
  55              		.loc 1 44 26 is_stmt 0 view .LVU10
  56 0014 0361     		str	r3, [r0, #16]
  45:Core/Src/spi.c ****   hspi1.Init.CLKPhase = SPI_PHASE_1EDGE;
  57              		.loc 1 45 3 is_stmt 1 view .LVU11
  58              		.loc 1 45 23 is_stmt 0 view .LVU12
  59 0016 4361     		str	r3, [r0, #20]
  46:Core/Src/spi.c ****   hspi1.Init.NSS = SPI_NSS_SOFT;
  60              		.loc 1 46 3 is_stmt 1 view .LVU13
  61              		.loc 1 46 18 is_stmt 0 view .LVU14
  62 0018 4FF40072 		mov	r2, #512
  63 001c 8261     		str	r2, [r0, #24]
  47:Core/Src/spi.c ****   hspi1.Init.BaudRatePrescaler = SPI_BAUDRATEPRESCALER_4;
  64              		.loc 1 47 3 is_stmt 1 view .LVU15
  65              		.loc 1 47 32 is_stmt 0 view .LVU16
  66 001e 0822     		movs	r2, #8
  67 0020 C261     		str	r2, [r0, #28]
  48:Core/Src/spi.c ****   hspi1.Init.FirstBit = SPI_FIRSTBIT_MSB;
ARM GAS  C:\Users\zhaohe\AppData\Local\Temp\ccI4PGY6.s 			page 3


  68              		.loc 1 48 3 is_stmt 1 view .LVU17
  69              		.loc 1 48 23 is_stmt 0 view .LVU18
  70 0022 0362     		str	r3, [r0, #32]
  49:Core/Src/spi.c ****   hspi1.Init.TIMode = SPI_TIMODE_DISABLE;
  71              		.loc 1 49 3 is_stmt 1 view .LVU19
  72              		.loc 1 49 21 is_stmt 0 view .LVU20
  73 0024 4362     		str	r3, [r0, #36]
  50:Core/Src/spi.c ****   hspi1.Init.CRCCalculation = SPI_CRCCALCULATION_DISABLE;
  74              		.loc 1 50 3 is_stmt 1 view .LVU21
  75              		.loc 1 50 29 is_stmt 0 view .LVU22
  76 0026 8362     		str	r3, [r0, #40]
  51:Core/Src/spi.c ****   hspi1.Init.CRCPolynomial = 10;
  77              		.loc 1 51 3 is_stmt 1 view .LVU23
  78              		.loc 1 51 28 is_stmt 0 view .LVU24
  79 0028 0A23     		movs	r3, #10
  80 002a C362     		str	r3, [r0, #44]
  52:Core/Src/spi.c ****   if (HAL_SPI_Init(&hspi1) != HAL_OK)
  81              		.loc 1 52 3 is_stmt 1 view .LVU25
  82              		.loc 1 52 7 is_stmt 0 view .LVU26
  83 002c FFF7FEFF 		bl	HAL_SPI_Init
  84              	.LVL0:
  85              		.loc 1 52 6 view .LVU27
  86 0030 00B9     		cbnz	r0, .L4
  87              	.L1:
  53:Core/Src/spi.c ****   {
  54:Core/Src/spi.c ****     Error_Handler();
  55:Core/Src/spi.c ****   }
  56:Core/Src/spi.c ****   /* USER CODE BEGIN SPI1_Init 2 */
  57:Core/Src/spi.c **** 
  58:Core/Src/spi.c ****   /* USER CODE END SPI1_Init 2 */
  59:Core/Src/spi.c **** 
  60:Core/Src/spi.c **** }
  88              		.loc 1 60 1 view .LVU28
  89 0032 08BD     		pop	{r3, pc}
  90              	.L4:
  54:Core/Src/spi.c ****   }
  91              		.loc 1 54 5 is_stmt 1 view .LVU29
  92 0034 FFF7FEFF 		bl	Error_Handler
  93              	.LVL1:
  94              		.loc 1 60 1 is_stmt 0 view .LVU30
  95 0038 FBE7     		b	.L1
  96              	.L6:
  97 003a 00BF     		.align	2
  98              	.L5:
  99 003c 00000000 		.word	.LANCHOR0
 100 0040 00300140 		.word	1073819648
 101              		.cfi_endproc
 102              	.LFE130:
 104              		.section	.text.HAL_SPI_MspInit,"ax",%progbits
 105              		.align	1
 106              		.global	HAL_SPI_MspInit
 107              		.syntax unified
 108              		.thumb
 109              		.thumb_func
 111              	HAL_SPI_MspInit:
 112              	.LVL2:
 113              	.LFB131:
ARM GAS  C:\Users\zhaohe\AppData\Local\Temp\ccI4PGY6.s 			page 4


  61:Core/Src/spi.c **** 
  62:Core/Src/spi.c **** void HAL_SPI_MspInit(SPI_HandleTypeDef* spiHandle)
  63:Core/Src/spi.c **** {
 114              		.loc 1 63 1 is_stmt 1 view -0
 115              		.cfi_startproc
 116              		@ args = 0, pretend = 0, frame = 32
 117              		@ frame_needed = 0, uses_anonymous_args = 0
 118              		.loc 1 63 1 is_stmt 0 view .LVU32
 119 0000 00B5     		push	{lr}
 120              	.LCFI1:
 121              		.cfi_def_cfa_offset 4
 122              		.cfi_offset 14, -4
 123 0002 89B0     		sub	sp, sp, #36
 124              	.LCFI2:
 125              		.cfi_def_cfa_offset 40
  64:Core/Src/spi.c **** 
  65:Core/Src/spi.c ****   GPIO_InitTypeDef GPIO_InitStruct = {0};
 126              		.loc 1 65 3 is_stmt 1 view .LVU33
 127              		.loc 1 65 20 is_stmt 0 view .LVU34
 128 0004 0023     		movs	r3, #0
 129 0006 0393     		str	r3, [sp, #12]
 130 0008 0493     		str	r3, [sp, #16]
 131 000a 0593     		str	r3, [sp, #20]
 132 000c 0693     		str	r3, [sp, #24]
 133 000e 0793     		str	r3, [sp, #28]
  66:Core/Src/spi.c ****   if(spiHandle->Instance==SPI1)
 134              		.loc 1 66 3 is_stmt 1 view .LVU35
 135              		.loc 1 66 15 is_stmt 0 view .LVU36
 136 0010 0268     		ldr	r2, [r0]
 137              		.loc 1 66 5 view .LVU37
 138 0012 154B     		ldr	r3, .L11
 139 0014 9A42     		cmp	r2, r3
 140 0016 02D0     		beq	.L10
 141              	.LVL3:
 142              	.L7:
  67:Core/Src/spi.c ****   {
  68:Core/Src/spi.c ****   /* USER CODE BEGIN SPI1_MspInit 0 */
  69:Core/Src/spi.c **** 
  70:Core/Src/spi.c ****   /* USER CODE END SPI1_MspInit 0 */
  71:Core/Src/spi.c ****     /* SPI1 clock enable */
  72:Core/Src/spi.c ****     __HAL_RCC_SPI1_CLK_ENABLE();
  73:Core/Src/spi.c **** 
  74:Core/Src/spi.c ****     __HAL_RCC_GPIOA_CLK_ENABLE();
  75:Core/Src/spi.c ****     /**SPI1 GPIO Configuration
  76:Core/Src/spi.c ****     PA5     ------> SPI1_SCK
  77:Core/Src/spi.c ****     PA6     ------> SPI1_MISO
  78:Core/Src/spi.c ****     PA7     ------> SPI1_MOSI
  79:Core/Src/spi.c ****     */
  80:Core/Src/spi.c ****     GPIO_InitStruct.Pin = GYRO_SCK_Pin|GYRO_MISO_Pin|GYRO_MOSI_Pin;
  81:Core/Src/spi.c ****     GPIO_InitStruct.Mode = GPIO_MODE_AF_PP;
  82:Core/Src/spi.c ****     GPIO_InitStruct.Pull = GPIO_NOPULL;
  83:Core/Src/spi.c ****     GPIO_InitStruct.Speed = GPIO_SPEED_FREQ_VERY_HIGH;
  84:Core/Src/spi.c ****     GPIO_InitStruct.Alternate = GPIO_AF5_SPI1;
  85:Core/Src/spi.c ****     HAL_GPIO_Init(GPIOA, &GPIO_InitStruct);
  86:Core/Src/spi.c **** 
  87:Core/Src/spi.c ****   /* USER CODE BEGIN SPI1_MspInit 1 */
  88:Core/Src/spi.c **** 
ARM GAS  C:\Users\zhaohe\AppData\Local\Temp\ccI4PGY6.s 			page 5


  89:Core/Src/spi.c ****   /* USER CODE END SPI1_MspInit 1 */
  90:Core/Src/spi.c ****   }
  91:Core/Src/spi.c **** }
 143              		.loc 1 91 1 view .LVU38
 144 0018 09B0     		add	sp, sp, #36
 145              	.LCFI3:
 146              		.cfi_remember_state
 147              		.cfi_def_cfa_offset 4
 148              		@ sp needed
 149 001a 5DF804FB 		ldr	pc, [sp], #4
 150              	.LVL4:
 151              	.L10:
 152              	.LCFI4:
 153              		.cfi_restore_state
  72:Core/Src/spi.c **** 
 154              		.loc 1 72 5 is_stmt 1 view .LVU39
 155              	.LBB2:
  72:Core/Src/spi.c **** 
 156              		.loc 1 72 5 view .LVU40
 157 001e 0021     		movs	r1, #0
 158 0020 0191     		str	r1, [sp, #4]
  72:Core/Src/spi.c **** 
 159              		.loc 1 72 5 view .LVU41
 160 0022 03F58433 		add	r3, r3, #67584
 161 0026 5A6C     		ldr	r2, [r3, #68]
 162 0028 42F48052 		orr	r2, r2, #4096
 163 002c 5A64     		str	r2, [r3, #68]
  72:Core/Src/spi.c **** 
 164              		.loc 1 72 5 view .LVU42
 165 002e 5A6C     		ldr	r2, [r3, #68]
 166 0030 02F48052 		and	r2, r2, #4096
 167 0034 0192     		str	r2, [sp, #4]
  72:Core/Src/spi.c **** 
 168              		.loc 1 72 5 view .LVU43
 169 0036 019A     		ldr	r2, [sp, #4]
 170              	.LBE2:
  72:Core/Src/spi.c **** 
 171              		.loc 1 72 5 view .LVU44
  74:Core/Src/spi.c ****     /**SPI1 GPIO Configuration
 172              		.loc 1 74 5 view .LVU45
 173              	.LBB3:
  74:Core/Src/spi.c ****     /**SPI1 GPIO Configuration
 174              		.loc 1 74 5 view .LVU46
 175 0038 0291     		str	r1, [sp, #8]
  74:Core/Src/spi.c ****     /**SPI1 GPIO Configuration
 176              		.loc 1 74 5 view .LVU47
 177 003a 1A6B     		ldr	r2, [r3, #48]
 178 003c 42F00102 		orr	r2, r2, #1
 179 0040 1A63     		str	r2, [r3, #48]
  74:Core/Src/spi.c ****     /**SPI1 GPIO Configuration
 180              		.loc 1 74 5 view .LVU48
 181 0042 1B6B     		ldr	r3, [r3, #48]
 182 0044 03F00103 		and	r3, r3, #1
 183 0048 0293     		str	r3, [sp, #8]
  74:Core/Src/spi.c ****     /**SPI1 GPIO Configuration
 184              		.loc 1 74 5 view .LVU49
 185 004a 029B     		ldr	r3, [sp, #8]
ARM GAS  C:\Users\zhaohe\AppData\Local\Temp\ccI4PGY6.s 			page 6


 186              	.LBE3:
  74:Core/Src/spi.c ****     /**SPI1 GPIO Configuration
 187              		.loc 1 74 5 view .LVU50
  80:Core/Src/spi.c ****     GPIO_InitStruct.Mode = GPIO_MODE_AF_PP;
 188              		.loc 1 80 5 view .LVU51
  80:Core/Src/spi.c ****     GPIO_InitStruct.Mode = GPIO_MODE_AF_PP;
 189              		.loc 1 80 25 is_stmt 0 view .LVU52
 190 004c E023     		movs	r3, #224
 191 004e 0393     		str	r3, [sp, #12]
  81:Core/Src/spi.c ****     GPIO_InitStruct.Pull = GPIO_NOPULL;
 192              		.loc 1 81 5 is_stmt 1 view .LVU53
  81:Core/Src/spi.c ****     GPIO_InitStruct.Pull = GPIO_NOPULL;
 193              		.loc 1 81 26 is_stmt 0 view .LVU54
 194 0050 0223     		movs	r3, #2
 195 0052 0493     		str	r3, [sp, #16]
  82:Core/Src/spi.c ****     GPIO_InitStruct.Speed = GPIO_SPEED_FREQ_VERY_HIGH;
 196              		.loc 1 82 5 is_stmt 1 view .LVU55
  83:Core/Src/spi.c ****     GPIO_InitStruct.Alternate = GPIO_AF5_SPI1;
 197              		.loc 1 83 5 view .LVU56
  83:Core/Src/spi.c ****     GPIO_InitStruct.Alternate = GPIO_AF5_SPI1;
 198              		.loc 1 83 27 is_stmt 0 view .LVU57
 199 0054 0323     		movs	r3, #3
 200 0056 0693     		str	r3, [sp, #24]
  84:Core/Src/spi.c ****     HAL_GPIO_Init(GPIOA, &GPIO_InitStruct);
 201              		.loc 1 84 5 is_stmt 1 view .LVU58
  84:Core/Src/spi.c ****     HAL_GPIO_Init(GPIOA, &GPIO_InitStruct);
 202              		.loc 1 84 31 is_stmt 0 view .LVU59
 203 0058 0523     		movs	r3, #5
 204 005a 0793     		str	r3, [sp, #28]
  85:Core/Src/spi.c **** 
 205              		.loc 1 85 5 is_stmt 1 view .LVU60
 206 005c 03A9     		add	r1, sp, #12
 207 005e 0348     		ldr	r0, .L11+4
 208              	.LVL5:
  85:Core/Src/spi.c **** 
 209              		.loc 1 85 5 is_stmt 0 view .LVU61
 210 0060 FFF7FEFF 		bl	HAL_GPIO_Init
 211              	.LVL6:
 212              		.loc 1 91 1 view .LVU62
 213 0064 D8E7     		b	.L7
 214              	.L12:
 215 0066 00BF     		.align	2
 216              	.L11:
 217 0068 00300140 		.word	1073819648
 218 006c 00000240 		.word	1073872896
 219              		.cfi_endproc
 220              	.LFE131:
 222              		.section	.text.HAL_SPI_MspDeInit,"ax",%progbits
 223              		.align	1
 224              		.global	HAL_SPI_MspDeInit
 225              		.syntax unified
 226              		.thumb
 227              		.thumb_func
 229              	HAL_SPI_MspDeInit:
 230              	.LVL7:
 231              	.LFB132:
  92:Core/Src/spi.c **** 
ARM GAS  C:\Users\zhaohe\AppData\Local\Temp\ccI4PGY6.s 			page 7


  93:Core/Src/spi.c **** void HAL_SPI_MspDeInit(SPI_HandleTypeDef* spiHandle)
  94:Core/Src/spi.c **** {
 232              		.loc 1 94 1 is_stmt 1 view -0
 233              		.cfi_startproc
 234              		@ args = 0, pretend = 0, frame = 0
 235              		@ frame_needed = 0, uses_anonymous_args = 0
 236              		.loc 1 94 1 is_stmt 0 view .LVU64
 237 0000 08B5     		push	{r3, lr}
 238              	.LCFI5:
 239              		.cfi_def_cfa_offset 8
 240              		.cfi_offset 3, -8
 241              		.cfi_offset 14, -4
  95:Core/Src/spi.c **** 
  96:Core/Src/spi.c ****   if(spiHandle->Instance==SPI1)
 242              		.loc 1 96 3 is_stmt 1 view .LVU65
 243              		.loc 1 96 15 is_stmt 0 view .LVU66
 244 0002 0268     		ldr	r2, [r0]
 245              		.loc 1 96 5 view .LVU67
 246 0004 064B     		ldr	r3, .L17
 247 0006 9A42     		cmp	r2, r3
 248 0008 00D0     		beq	.L16
 249              	.LVL8:
 250              	.L13:
  97:Core/Src/spi.c ****   {
  98:Core/Src/spi.c ****   /* USER CODE BEGIN SPI1_MspDeInit 0 */
  99:Core/Src/spi.c **** 
 100:Core/Src/spi.c ****   /* USER CODE END SPI1_MspDeInit 0 */
 101:Core/Src/spi.c ****     /* Peripheral clock disable */
 102:Core/Src/spi.c ****     __HAL_RCC_SPI1_CLK_DISABLE();
 103:Core/Src/spi.c **** 
 104:Core/Src/spi.c ****     /**SPI1 GPIO Configuration
 105:Core/Src/spi.c ****     PA5     ------> SPI1_SCK
 106:Core/Src/spi.c ****     PA6     ------> SPI1_MISO
 107:Core/Src/spi.c ****     PA7     ------> SPI1_MOSI
 108:Core/Src/spi.c ****     */
 109:Core/Src/spi.c ****     HAL_GPIO_DeInit(GPIOA, GYRO_SCK_Pin|GYRO_MISO_Pin|GYRO_MOSI_Pin);
 110:Core/Src/spi.c **** 
 111:Core/Src/spi.c ****   /* USER CODE BEGIN SPI1_MspDeInit 1 */
 112:Core/Src/spi.c **** 
 113:Core/Src/spi.c ****   /* USER CODE END SPI1_MspDeInit 1 */
 114:Core/Src/spi.c ****   }
 115:Core/Src/spi.c **** }
 251              		.loc 1 115 1 view .LVU68
 252 000a 08BD     		pop	{r3, pc}
 253              	.LVL9:
 254              	.L16:
 102:Core/Src/spi.c **** 
 255              		.loc 1 102 5 is_stmt 1 view .LVU69
 256 000c 054A     		ldr	r2, .L17+4
 257 000e 536C     		ldr	r3, [r2, #68]
 258 0010 23F48053 		bic	r3, r3, #4096
 259 0014 5364     		str	r3, [r2, #68]
 109:Core/Src/spi.c **** 
 260              		.loc 1 109 5 view .LVU70
 261 0016 E021     		movs	r1, #224
 262 0018 0348     		ldr	r0, .L17+8
 263              	.LVL10:
ARM GAS  C:\Users\zhaohe\AppData\Local\Temp\ccI4PGY6.s 			page 8


 109:Core/Src/spi.c **** 
 264              		.loc 1 109 5 is_stmt 0 view .LVU71
 265 001a FFF7FEFF 		bl	HAL_GPIO_DeInit
 266              	.LVL11:
 267              		.loc 1 115 1 view .LVU72
 268 001e F4E7     		b	.L13
 269              	.L18:
 270              		.align	2
 271              	.L17:
 272 0020 00300140 		.word	1073819648
 273 0024 00380240 		.word	1073887232
 274 0028 00000240 		.word	1073872896
 275              		.cfi_endproc
 276              	.LFE132:
 278              		.global	hspi1
 279              		.section	.bss.hspi1,"aw",%nobits
 280              		.align	2
 281              		.set	.LANCHOR0,. + 0
 284              	hspi1:
 285 0000 00000000 		.space	88
 285      00000000 
 285      00000000 
 285      00000000 
 285      00000000 
 286              		.text
 287              	.Letext0:
 288              		.file 2 "e:\\gcc\\2021.10\\arm-none-eabi\\include\\machine\\_default_types.h"
 289              		.file 3 "e:\\gcc\\2021.10\\arm-none-eabi\\include\\sys\\_stdint.h"
 290              		.file 4 "Drivers/CMSIS/Device/ST/STM32F4xx/Include/stm32f405xx.h"
 291              		.file 5 "Drivers/STM32F4xx_HAL_Driver/Inc/stm32f4xx_hal_def.h"
 292              		.file 6 "Drivers/STM32F4xx_HAL_Driver/Inc/stm32f4xx_hal_gpio.h"
 293              		.file 7 "Drivers/STM32F4xx_HAL_Driver/Inc/stm32f4xx_hal_dma.h"
 294              		.file 8 "Drivers/STM32F4xx_HAL_Driver/Inc/stm32f4xx_hal_spi.h"
 295              		.file 9 "Core/Inc/main.h"
 296              		.file 10 "Core/Inc/spi.h"
ARM GAS  C:\Users\zhaohe\AppData\Local\Temp\ccI4PGY6.s 			page 9


DEFINED SYMBOLS
                            *ABS*:00000000 spi.c
C:\Users\zhaohe\AppData\Local\Temp\ccI4PGY6.s:20     .text.MX_SPI1_Init:00000000 $t
C:\Users\zhaohe\AppData\Local\Temp\ccI4PGY6.s:26     .text.MX_SPI1_Init:00000000 MX_SPI1_Init
C:\Users\zhaohe\AppData\Local\Temp\ccI4PGY6.s:99     .text.MX_SPI1_Init:0000003c $d
C:\Users\zhaohe\AppData\Local\Temp\ccI4PGY6.s:105    .text.HAL_SPI_MspInit:00000000 $t
C:\Users\zhaohe\AppData\Local\Temp\ccI4PGY6.s:111    .text.HAL_SPI_MspInit:00000000 HAL_SPI_MspInit
C:\Users\zhaohe\AppData\Local\Temp\ccI4PGY6.s:217    .text.HAL_SPI_MspInit:00000068 $d
C:\Users\zhaohe\AppData\Local\Temp\ccI4PGY6.s:223    .text.HAL_SPI_MspDeInit:00000000 $t
C:\Users\zhaohe\AppData\Local\Temp\ccI4PGY6.s:229    .text.HAL_SPI_MspDeInit:00000000 HAL_SPI_MspDeInit
C:\Users\zhaohe\AppData\Local\Temp\ccI4PGY6.s:272    .text.HAL_SPI_MspDeInit:00000020 $d
C:\Users\zhaohe\AppData\Local\Temp\ccI4PGY6.s:284    .bss.hspi1:00000000 hspi1
C:\Users\zhaohe\AppData\Local\Temp\ccI4PGY6.s:280    .bss.hspi1:00000000 $d

UNDEFINED SYMBOLS
HAL_SPI_Init
Error_Handler
HAL_GPIO_Init
HAL_GPIO_DeInit
